<?xml version="1.0" encoding="UTF-8"?>
<!-- Generated by org.testng.reporters.JUnitReportReporter -->
<testsuite skipped="0" hostname="intel-PC" name="AutomationTesting.LoginTest" tests="1" failures="0" timestamp="19 Jan 2018 13:24:52 GMT" time="1.655" errors="0">
  <testcase name="Login" time="1.655" classname="AutomationTesting.LoginTest"/>
</testsuite> <!-- AutomationTesting.LoginTest -->
